#2.0#2022 07 27 04:41:22.275#Z#DEBUG#com.sap.cloud.lm.sl.xs2.1e168205-0d66-11ed-bb00-eeee0a8a59e3.InnovatorChallenge-db-deployer.stageAppTask#
######org.cloudfoundry.multiapps.controller.persistence.services.ProcessLogger########flowable-async-job-executor-thread-8218###
[PollStageAppStatusExecution] [InnovatorChallenge-db-deployer] 04b56df8-2305-49b4-a1f3-e069ea0a5d88 [Wed Jul 27 04:40:52 UTC 2022] Updated app with guid 04b56df8-2305-49b4-a1f3-e069ea0a5d88 ({"lifecycle"=>{"data"=>{"buildpacks"=>["nodejs_buildpack"]}, "type"=>"buildpack"}}) (STDOUT, API)#

#2.0#2022 07 27 04:41:22.275#Z#DEBUG#com.sap.cloud.lm.sl.xs2.1e168205-0d66-11ed-bb00-eeee0a8a59e3.InnovatorChallenge-db-deployer.stageAppTask#
######org.cloudfoundry.multiapps.controller.persistence.services.ProcessLogger########flowable-async-job-executor-thread-8218###
[PollStageAppStatusExecution] [InnovatorChallenge-db-deployer] 04b56df8-2305-49b4-a1f3-e069ea0a5d88 [Wed Jul 27 04:40:52 UTC 2022] Updating process: "web" (STDOUT, API)#

#2.0#2022 07 27 04:41:22.275#Z#DEBUG#com.sap.cloud.lm.sl.xs2.1e168205-0d66-11ed-bb00-eeee0a8a59e3.InnovatorChallenge-db-deployer.stageAppTask#
######org.cloudfoundry.multiapps.controller.persistence.services.ProcessLogger########flowable-async-job-executor-thread-8218###
[PollStageAppStatusExecution] [InnovatorChallenge-db-deployer] 04b56df8-2305-49b4-a1f3-e069ea0a5d88 [Wed Jul 27 04:40:59 UTC 2022] Uploading app package for app with guid 04b56df8-2305-49b4-a1f3-e069ea0a5d88 (STDOUT, API)#

#2.0#2022 07 27 04:41:22.276#Z#DEBUG#com.sap.cloud.lm.sl.xs2.1e168205-0d66-11ed-bb00-eeee0a8a59e3.InnovatorChallenge-db-deployer.stageAppTask#
######org.cloudfoundry.multiapps.controller.persistence.services.ProcessLogger########flowable-async-job-executor-thread-8218###
[PollStageAppStatusExecution] [InnovatorChallenge-db-deployer] 04b56df8-2305-49b4-a1f3-e069ea0a5d88 [Wed Jul 27 04:40:59 UTC 2022] Updated app with guid 04b56df8-2305-49b4-a1f3-e069ea0a5d88 ({"environment_variables"=>"[PRIVATE DATA HIDDEN]"}) (STDOUT, API)#

#2.0#2022 07 27 04:41:22.276#Z#DEBUG#com.sap.cloud.lm.sl.xs2.1e168205-0d66-11ed-bb00-eeee0a8a59e3.InnovatorChallenge-db-deployer.stageAppTask#
######org.cloudfoundry.multiapps.controller.persistence.services.ProcessLogger########flowable-async-job-executor-thread-8218###
[PollStageAppStatusExecution] [InnovatorChallenge-db-deployer] 04b56df8-2305-49b4-a1f3-e069ea0a5d88 [Wed Jul 27 04:41:12 UTC 2022] Stopping app with guid 04b56df8-2305-49b4-a1f3-e069ea0a5d88 (STDOUT, API)#

#2.0#2022 07 27 04:41:22.276#Z#DEBUG#com.sap.cloud.lm.sl.xs2.1e168205-0d66-11ed-bb00-eeee0a8a59e3.InnovatorChallenge-db-deployer.stageAppTask#
######org.cloudfoundry.multiapps.controller.persistence.services.ProcessLogger########flowable-async-job-executor-thread-8218###
[PollStageAppStatusExecution] [InnovatorChallenge-db-deployer] 04b56df8-2305-49b4-a1f3-e069ea0a5d88 [Wed Jul 27 04:41:12 UTC 2022] Creating build for app with guid 04b56df8-2305-49b4-a1f3-e069ea0a5d88 (STDOUT, API)#

#2.0#2022 07 27 04:41:22.276#Z#DEBUG#com.sap.cloud.lm.sl.xs2.1e168205-0d66-11ed-bb00-eeee0a8a59e3.InnovatorChallenge-db-deployer.stageAppTask#
######org.cloudfoundry.multiapps.controller.persistence.services.ProcessLogger########flowable-async-job-executor-thread-8218###
[PollStageAppStatusExecution] [InnovatorChallenge-db-deployer] 04b56df8-2305-49b4-a1f3-e069ea0a5d88 [Wed Jul 27 04:41:12 UTC 2022] Downloading nodejs_buildpack... (STDOUT, STG)#

#2.0#2022 07 27 04:41:22.276#Z#DEBUG#com.sap.cloud.lm.sl.xs2.1e168205-0d66-11ed-bb00-eeee0a8a59e3.InnovatorChallenge-db-deployer.stageAppTask#
######org.cloudfoundry.multiapps.controller.persistence.services.ProcessLogger########flowable-async-job-executor-thread-8218###
[PollStageAppStatusExecution] [InnovatorChallenge-db-deployer] 04b56df8-2305-49b4-a1f3-e069ea0a5d88 [Wed Jul 27 04:41:12 UTC 2022] Cell c3730d2e-b10e-4360-a969-34d6e945d815 creating container for instance 28c4af0d-0a50-4635-b006-dac5d0dfa632 (STDOUT, STG)#

#2.0#2022 07 27 04:41:22.276#Z#DEBUG#com.sap.cloud.lm.sl.xs2.1e168205-0d66-11ed-bb00-eeee0a8a59e3.InnovatorChallenge-db-deployer.stageAppTask#
######org.cloudfoundry.multiapps.controller.persistence.services.ProcessLogger########flowable-async-job-executor-thread-8218###
[PollStageAppStatusExecution] [InnovatorChallenge-db-deployer] 04b56df8-2305-49b4-a1f3-e069ea0a5d88 [Wed Jul 27 04:41:12 UTC 2022] Downloaded nodejs_buildpack (STDOUT, STG)#

#2.0#2022 07 27 04:41:22.276#Z#DEBUG#com.sap.cloud.lm.sl.xs2.1e168205-0d66-11ed-bb00-eeee0a8a59e3.InnovatorChallenge-db-deployer.stageAppTask#
######org.cloudfoundry.multiapps.controller.persistence.services.ProcessLogger########flowable-async-job-executor-thread-8218###
[PollStageAppStatusExecution] [InnovatorChallenge-db-deployer] 04b56df8-2305-49b4-a1f3-e069ea0a5d88 [Wed Jul 27 04:41:13 UTC 2022] Cell c3730d2e-b10e-4360-a969-34d6e945d815 successfully created container for instance 28c4af0d-0a50-4635-b006-dac5d0dfa632 (STDOUT, STG)#

#2.0#2022 07 27 04:41:22.276#Z#DEBUG#com.sap.cloud.lm.sl.xs2.1e168205-0d66-11ed-bb00-eeee0a8a59e3.InnovatorChallenge-db-deployer.stageAppTask#
######org.cloudfoundry.multiapps.controller.persistence.services.ProcessLogger########flowable-async-job-executor-thread-8218###
[PollStageAppStatusExecution] [InnovatorChallenge-db-deployer] 04b56df8-2305-49b4-a1f3-e069ea0a5d88 [Wed Jul 27 04:41:13 UTC 2022] Downloading build artifacts cache... (STDOUT, STG)#

#2.0#2022 07 27 04:41:22.276#Z#DEBUG#com.sap.cloud.lm.sl.xs2.1e168205-0d66-11ed-bb00-eeee0a8a59e3.InnovatorChallenge-db-deployer.stageAppTask#
######org.cloudfoundry.multiapps.controller.persistence.services.ProcessLogger########flowable-async-job-executor-thread-8218###
[PollStageAppStatusExecution] [InnovatorChallenge-db-deployer] 04b56df8-2305-49b4-a1f3-e069ea0a5d88 [Wed Jul 27 04:41:13 UTC 2022] Downloading app package... (STDOUT, STG)#

#2.0#2022 07 27 04:41:22.276#Z#DEBUG#com.sap.cloud.lm.sl.xs2.1e168205-0d66-11ed-bb00-eeee0a8a59e3.InnovatorChallenge-db-deployer.stageAppTask#
######org.cloudfoundry.multiapps.controller.persistence.services.ProcessLogger########flowable-async-job-executor-thread-8218###
[PollStageAppStatusExecution] [InnovatorChallenge-db-deployer] 04b56df8-2305-49b4-a1f3-e069ea0a5d88 [Wed Jul 27 04:41:13 UTC 2022] Downloaded build artifacts cache (216B) (STDOUT, STG)#

#2.0#2022 07 27 04:41:22.276#Z#DEBUG#com.sap.cloud.lm.sl.xs2.1e168205-0d66-11ed-bb00-eeee0a8a59e3.InnovatorChallenge-db-deployer.stageAppTask#
######org.cloudfoundry.multiapps.controller.persistence.services.ProcessLogger########flowable-async-job-executor-thread-8218###
[PollStageAppStatusExecution] [InnovatorChallenge-db-deployer] 04b56df8-2305-49b4-a1f3-e069ea0a5d88 [Wed Jul 27 04:41:15 UTC 2022] Downloaded app package (42.7M) (STDOUT, STG)#

#2.0#2022 07 27 04:41:22.276#Z#DEBUG#com.sap.cloud.lm.sl.xs2.1e168205-0d66-11ed-bb00-eeee0a8a59e3.InnovatorChallenge-db-deployer.stageAppTask#
######org.cloudfoundry.multiapps.controller.persistence.services.ProcessLogger########flowable-async-job-executor-thread-8218###
[PollStageAppStatusExecution] [InnovatorChallenge-db-deployer] 04b56df8-2305-49b4-a1f3-e069ea0a5d88 [Wed Jul 27 04:41:15 UTC 2022] -----> Nodejs Buildpack version 1.7.70 (STDOUT, STG)#

#2.0#2022 07 27 04:41:22.276#Z#DEBUG#com.sap.cloud.lm.sl.xs2.1e168205-0d66-11ed-bb00-eeee0a8a59e3.InnovatorChallenge-db-deployer.stageAppTask#
######org.cloudfoundry.multiapps.controller.persistence.services.ProcessLogger########flowable-async-job-executor-thread-8218###
[PollStageAppStatusExecution] [InnovatorChallenge-db-deployer] 04b56df8-2305-49b4-a1f3-e069ea0a5d88 [Wed Jul 27 04:41:15 UTC 2022] Copy [/tmp/buildpacks/96e4109cb1f7b490cbd774d9987308f8/dependencies/77cb0120d6c38426ca6a9a8098df68c7/node_16.15.0_linux_x64_cflinuxfs3_cae3a27b.tgz] (STDOUT, STG)#

#2.0#2022 07 27 04:41:22.276#Z#DEBUG#com.sap.cloud.lm.sl.xs2.1e168205-0d66-11ed-bb00-eeee0a8a59e3.InnovatorChallenge-db-deployer.stageAppTask#
######org.cloudfoundry.multiapps.controller.persistence.services.ProcessLogger########flowable-async-job-executor-thread-8218###
[PollStageAppStatusExecution] [InnovatorChallenge-db-deployer] 04b56df8-2305-49b4-a1f3-e069ea0a5d88 [Wed Jul 27 04:41:15 UTC 2022] -----> Installing node 16.15.0 (STDOUT, STG)#

#2.0#2022 07 27 04:41:22.276#Z#DEBUG#com.sap.cloud.lm.sl.xs2.1e168205-0d66-11ed-bb00-eeee0a8a59e3.InnovatorChallenge-db-deployer.stageAppTask#
######org.cloudfoundry.multiapps.controller.persistence.services.ProcessLogger########flowable-async-job-executor-thread-8218###
[PollStageAppStatusExecution] [InnovatorChallenge-db-deployer] 04b56df8-2305-49b4-a1f3-e069ea0a5d88 [Wed Jul 27 04:41:15 UTC 2022] engines.npm (package.json): unspecified (use default) (STDOUT, STG)#

#2.0#2022 07 27 04:41:22.276#Z#DEBUG#com.sap.cloud.lm.sl.xs2.1e168205-0d66-11ed-bb00-eeee0a8a59e3.InnovatorChallenge-db-deployer.stageAppTask#
######org.cloudfoundry.multiapps.controller.persistence.services.ProcessLogger########flowable-async-job-executor-thread-8218###
[PollStageAppStatusExecution] [InnovatorChallenge-db-deployer] 04b56df8-2305-49b4-a1f3-e069ea0a5d88 [Wed Jul 27 04:41:15 UTC 2022] engines.node (package.json): ^12.18.0 || ^14.0.0 || ^16.0.0 (STDOUT, STG)#

#2.0#2022 07 27 04:41:22.276#Z#DEBUG#com.sap.cloud.lm.sl.xs2.1e168205-0d66-11ed-bb00-eeee0a8a59e3.InnovatorChallenge-db-deployer.stageAppTask#
######org.cloudfoundry.multiapps.controller.persistence.services.ProcessLogger########flowable-async-job-executor-thread-8218###
[PollStageAppStatusExecution] [InnovatorChallenge-db-deployer] 04b56df8-2305-49b4-a1f3-e069ea0a5d88 [Wed Jul 27 04:41:15 UTC 2022] -----> Installing binaries (STDOUT, STG)#

#2.0#2022 07 27 04:41:22.276#Z#DEBUG#com.sap.cloud.lm.sl.xs2.1e168205-0d66-11ed-bb00-eeee0a8a59e3.InnovatorChallenge-db-deployer.stageAppTask#
######org.cloudfoundry.multiapps.controller.persistence.services.ProcessLogger########flowable-async-job-executor-thread-8218###
[PollStageAppStatusExecution] [InnovatorChallenge-db-deployer] 04b56df8-2305-49b4-a1f3-e069ea0a5d88 [Wed Jul 27 04:41:17 UTC 2022] Copy [/tmp/buildpacks/96e4109cb1f7b490cbd774d9987308f8/dependencies/584e43947dbdc85a5abee0933bc2af4f/yarn_1.22.18_linux_noarch_any-stack_4fc4a734.tgz] (STDOUT, STG)#

#2.0#2022 07 27 04:41:22.276#Z#DEBUG#com.sap.cloud.lm.sl.xs2.1e168205-0d66-11ed-bb00-eeee0a8a59e3.InnovatorChallenge-db-deployer.stageAppTask#
######org.cloudfoundry.multiapps.controller.persistence.services.ProcessLogger########flowable-async-job-executor-thread-8218###
[PollStageAppStatusExecution] [InnovatorChallenge-db-deployer] 04b56df8-2305-49b4-a1f3-e069ea0a5d88 [Wed Jul 27 04:41:17 UTC 2022] -----> Installing yarn 1.22.18 (STDOUT, STG)#

#2.0#2022 07 27 04:41:22.276#Z#DEBUG#com.sap.cloud.lm.sl.xs2.1e168205-0d66-11ed-bb00-eeee0a8a59e3.InnovatorChallenge-db-deployer.stageAppTask#
######org.cloudfoundry.multiapps.controller.persistence.services.ProcessLogger########flowable-async-job-executor-thread-8218###
[PollStageAppStatusExecution] [InnovatorChallenge-db-deployer] 04b56df8-2305-49b4-a1f3-e069ea0a5d88 [Wed Jul 27 04:41:17 UTC 2022] Using default npm version: 8.5.5 (STDOUT, STG)#

#2.0#2022 07 27 04:41:22.276#Z#DEBUG#com.sap.cloud.lm.sl.xs2.1e168205-0d66-11ed-bb00-eeee0a8a59e3.InnovatorChallenge-db-deployer.stageAppTask#
######org.cloudfoundry.multiapps.controller.persistence.services.ProcessLogger########flowable-async-job-executor-thread-8218###
[PollStageAppStatusExecution] [InnovatorChallenge-db-deployer] 04b56df8-2305-49b4-a1f3-e069ea0a5d88 [Wed Jul 27 04:41:17 UTC 2022] -----> Creating runtime environment (STDOUT, STG)#

#2.0#2022 07 27 04:41:22.276#Z#DEBUG#com.sap.cloud.lm.sl.xs2.1e168205-0d66-11ed-bb00-eeee0a8a59e3.InnovatorChallenge-db-deployer.stageAppTask#
######org.cloudfoundry.multiapps.controller.persistence.services.ProcessLogger########flowable-async-job-executor-thread-8218###
[PollStageAppStatusExecution] [InnovatorChallenge-db-deployer] 04b56df8-2305-49b4-a1f3-e069ea0a5d88 [Wed Jul 27 04:41:17 UTC 2022] Installed yarn 1.22.18 (STDOUT, STG)#

#2.0#2022 07 27 04:41:22.276#Z#DEBUG#com.sap.cloud.lm.sl.xs2.1e168205-0d66-11ed-bb00-eeee0a8a59e3.InnovatorChallenge-db-deployer.stageAppTask#
######org.cloudfoundry.multiapps.controller.persistence.services.ProcessLogger########flowable-async-job-executor-thread-8218###
[PollStageAppStatusExecution] [InnovatorChallenge-db-deployer] 04b56df8-2305-49b4-a1f3-e069ea0a5d88 [Wed Jul 27 04:41:17 UTC 2022] Rebuilding any native modules (STDOUT, STG)#

#2.0#2022 07 27 04:41:22.276#Z#DEBUG#com.sap.cloud.lm.sl.xs2.1e168205-0d66-11ed-bb00-eeee0a8a59e3.InnovatorChallenge-db-deployer.stageAppTask#
######org.cloudfoundry.multiapps.controller.persistence.services.ProcessLogger########flowable-async-job-executor-thread-8218###
[PollStageAppStatusExecution] [InnovatorChallenge-db-deployer] 04b56df8-2305-49b4-a1f3-e069ea0a5d88 [Wed Jul 27 04:41:17 UTC 2022] Prebuild detected (node_modules already exists) (STDOUT, STG)#

#2.0#2022 07 27 04:41:22.276#Z#DEBUG#com.sap.cloud.lm.sl.xs2.1e168205-0d66-11ed-bb00-eeee0a8a59e3.InnovatorChallenge-db-deployer.stageAppTask#
######org.cloudfoundry.multiapps.controller.persistence.services.ProcessLogger########flowable-async-job-executor-thread-8218###
[PollStageAppStatusExecution] [InnovatorChallenge-db-deployer] 04b56df8-2305-49b4-a1f3-e069ea0a5d88 [Wed Jul 27 04:41:17 UTC 2022] -----> Building dependencies (STDOUT, STG)#

#2.0#2022 07 27 04:41:22.276#Z#DEBUG#com.sap.cloud.lm.sl.xs2.1e168205-0d66-11ed-bb00-eeee0a8a59e3.InnovatorChallenge-db-deployer.stageAppTask#
######org.cloudfoundry.multiapps.controller.persistence.services.ProcessLogger########flowable-async-job-executor-thread-8218###
[PollStageAppStatusExecution] [InnovatorChallenge-db-deployer] 04b56df8-2305-49b4-a1f3-e069ea0a5d88 [Wed Jul 27 04:41:17 UTC 2022] NPM_CONFIG_PRODUCTION=true (STDOUT, STG)#

#2.0#2022 07 27 04:41:22.276#Z#DEBUG#com.sap.cloud.lm.sl.xs2.1e168205-0d66-11ed-bb00-eeee0a8a59e3.InnovatorChallenge-db-deployer.stageAppTask#
######org.cloudfoundry.multiapps.controller.persistence.services.ProcessLogger########flowable-async-job-executor-thread-8218###
[PollStageAppStatusExecution] [InnovatorChallenge-db-deployer] 04b56df8-2305-49b4-a1f3-e069ea0a5d88 [Wed Jul 27 04:41:17 UTC 2022] NPM_CONFIG_LOGLEVEL=error (STDOUT, STG)#

#2.0#2022 07 27 04:41:22.276#Z#DEBUG#com.sap.cloud.lm.sl.xs2.1e168205-0d66-11ed-bb00-eeee0a8a59e3.InnovatorChallenge-db-deployer.stageAppTask#
######org.cloudfoundry.multiapps.controller.persistence.services.ProcessLogger########flowable-async-job-executor-thread-8218###
[PollStageAppStatusExecution] [InnovatorChallenge-db-deployer] 04b56df8-2305-49b4-a1f3-e069ea0a5d88 [Wed Jul 27 04:41:17 UTC 2022] NODE_VERBOSE=false (STDOUT, STG)#

#2.0#2022 07 27 04:41:22.276#Z#DEBUG#com.sap.cloud.lm.sl.xs2.1e168205-0d66-11ed-bb00-eeee0a8a59e3.InnovatorChallenge-db-deployer.stageAppTask#
######org.cloudfoundry.multiapps.controller.persistence.services.ProcessLogger########flowable-async-job-executor-thread-8218###
[PollStageAppStatusExecution] [InnovatorChallenge-db-deployer] 04b56df8-2305-49b4-a1f3-e069ea0a5d88 [Wed Jul 27 04:41:17 UTC 2022] NODE_MODULES_CACHE=true (STDOUT, STG)#

#2.0#2022 07 27 04:41:22.276#Z#DEBUG#com.sap.cloud.lm.sl.xs2.1e168205-0d66-11ed-bb00-eeee0a8a59e3.InnovatorChallenge-db-deployer.stageAppTask#
######org.cloudfoundry.multiapps.controller.persistence.services.ProcessLogger########flowable-async-job-executor-thread-8218###
[PollStageAppStatusExecution] [InnovatorChallenge-db-deployer] 04b56df8-2305-49b4-a1f3-e069ea0a5d88 [Wed Jul 27 04:41:17 UTC 2022] NODE_HOME=/tmp/contents4109149060/deps/0/node (STDOUT, STG)#

#2.0#2022 07 27 04:41:22.276#Z#DEBUG#com.sap.cloud.lm.sl.xs2.1e168205-0d66-11ed-bb00-eeee0a8a59e3.InnovatorChallenge-db-deployer.stageAppTask#
######org.cloudfoundry.multiapps.controller.persistence.services.ProcessLogger########flowable-async-job-executor-thread-8218###
[PollStageAppStatusExecution] [InnovatorChallenge-db-deployer] 04b56df8-2305-49b4-a1f3-e069ea0a5d88 [Wed Jul 27 04:41:17 UTC 2022] NODE_ENV=production (STDOUT, STG)#

#2.0#2022 07 27 04:41:22.276#Z#DEBUG#com.sap.cloud.lm.sl.xs2.1e168205-0d66-11ed-bb00-eeee0a8a59e3.InnovatorChallenge-db-deployer.stageAppTask#
######org.cloudfoundry.multiapps.controller.persistence.services.ProcessLogger########flowable-async-job-executor-thread-8218###
[PollStageAppStatusExecution] [InnovatorChallenge-db-deployer] 04b56df8-2305-49b4-a1f3-e069ea0a5d88 [Wed Jul 27 04:41:17 UTC 2022] rebuilt dependencies successfully (STDOUT, STG)#

#2.0#2022 07 27 04:41:22.276#Z#DEBUG#com.sap.cloud.lm.sl.xs2.1e168205-0d66-11ed-bb00-eeee0a8a59e3.InnovatorChallenge-db-deployer.stageAppTask#
######org.cloudfoundry.multiapps.controller.persistence.services.ProcessLogger########flowable-async-job-executor-thread-8218###
[PollStageAppStatusExecution] [InnovatorChallenge-db-deployer] 04b56df8-2305-49b4-a1f3-e069ea0a5d88 [Wed Jul 27 04:41:17 UTC 2022] npm notice (STDOUT, STG)#

#2.0#2022 07 27 04:41:22.276#Z#DEBUG#com.sap.cloud.lm.sl.xs2.1e168205-0d66-11ed-bb00-eeee0a8a59e3.InnovatorChallenge-db-deployer.stageAppTask#
######org.cloudfoundry.multiapps.controller.persistence.services.ProcessLogger########flowable-async-job-executor-thread-8218###
[PollStageAppStatusExecution] [InnovatorChallenge-db-deployer] 04b56df8-2305-49b4-a1f3-e069ea0a5d88 [Wed Jul 27 04:41:17 UTC 2022] npm notice Run `npm install -g npm@8.15.0` to update! (STDOUT, STG)#

#2.0#2022 07 27 04:41:22.276#Z#DEBUG#com.sap.cloud.lm.sl.xs2.1e168205-0d66-11ed-bb00-eeee0a8a59e3.InnovatorChallenge-db-deployer.stageAppTask#
######org.cloudfoundry.multiapps.controller.persistence.services.ProcessLogger########flowable-async-job-executor-thread-8218###
[PollStageAppStatusExecution] [InnovatorChallenge-db-deployer] 04b56df8-2305-49b4-a1f3-e069ea0a5d88 [Wed Jul 27 04:41:17 UTC 2022] npm notice Changelog: <https://github.com/npm/cli/releases/tag/v8.15.0> (STDOUT, STG)#

#2.0#2022 07 27 04:41:22.276#Z#DEBUG#com.sap.cloud.lm.sl.xs2.1e168205-0d66-11ed-bb00-eeee0a8a59e3.InnovatorChallenge-db-deployer.stageAppTask#
######org.cloudfoundry.multiapps.controller.persistence.services.ProcessLogger########flowable-async-job-executor-thread-8218###
[PollStageAppStatusExecution] [InnovatorChallenge-db-deployer] 04b56df8-2305-49b4-a1f3-e069ea0a5d88 [Wed Jul 27 04:41:17 UTC 2022] npm notice New minor version of npm available! 8.5.5 -> 8.15.0 (STDOUT, STG)#

#2.0#2022 07 27 04:41:22.276#Z#DEBUG#com.sap.cloud.lm.sl.xs2.1e168205-0d66-11ed-bb00-eeee0a8a59e3.InnovatorChallenge-db-deployer.stageAppTask#
######org.cloudfoundry.multiapps.controller.persistence.services.ProcessLogger########flowable-async-job-executor-thread-8218###
[PollStageAppStatusExecution] [InnovatorChallenge-db-deployer] 04b56df8-2305-49b4-a1f3-e069ea0a5d88 [Wed Jul 27 04:41:17 UTC 2022] npm notice (STDOUT, STG)#

#2.0#2022 07 27 04:41:22.276#Z#DEBUG#com.sap.cloud.lm.sl.xs2.1e168205-0d66-11ed-bb00-eeee0a8a59e3.InnovatorChallenge-db-deployer.stageAppTask#
######org.cloudfoundry.multiapps.controller.persistence.services.ProcessLogger########flowable-async-job-executor-thread-8218###
[PollStageAppStatusExecution] [InnovatorChallenge-db-deployer] 04b56df8-2305-49b4-a1f3-e069ea0a5d88 [Wed Jul 27 04:41:17 UTC 2022] Installing any new modules (package.json + package-lock.json) (STDOUT, STG)#

#2.0#2022 07 27 04:41:22.276#Z#DEBUG#com.sap.cloud.lm.sl.xs2.1e168205-0d66-11ed-bb00-eeee0a8a59e3.InnovatorChallenge-db-deployer.stageAppTask#
######org.cloudfoundry.multiapps.controller.persistence.services.ProcessLogger########flowable-async-job-executor-thread-8218###
[PollStageAppStatusExecution] [InnovatorChallenge-db-deployer] 04b56df8-2305-49b4-a1f3-e069ea0a5d88 [Wed Jul 27 04:41:18 UTC 2022] up to date in 271ms (STDOUT, STG)#

#2.0#2022 07 27 04:41:22.276#Z#DEBUG#com.sap.cloud.lm.sl.xs2.1e168205-0d66-11ed-bb00-eeee0a8a59e3.InnovatorChallenge-db-deployer.stageAppTask#
######org.cloudfoundry.multiapps.controller.persistence.services.ProcessLogger########flowable-async-job-executor-thread-8218###
[PollStageAppStatusExecution] [InnovatorChallenge-db-deployer] 04b56df8-2305-49b4-a1f3-e069ea0a5d88 [Wed Jul 27 04:41:18 UTC 2022] service is not configured to run with Sealights (STDOUT, STG)#

#2.0#2022 07 27 04:41:22.277#Z#DEBUG#com.sap.cloud.lm.sl.xs2.1e168205-0d66-11ed-bb00-eeee0a8a59e3.InnovatorChallenge-db-deployer.stageAppTask#
######org.cloudfoundry.multiapps.controller.persistence.services.ProcessLogger########flowable-async-job-executor-thread-8218###
[PollStageAppStatusExecution] [InnovatorChallenge-db-deployer] 04b56df8-2305-49b4-a1f3-e069ea0a5d88 [Wed Jul 27 04:41:18 UTC 2022] inside Sealights hook (STDOUT, STG)#

#2.0#2022 07 27 04:41:22.277#Z#DEBUG#com.sap.cloud.lm.sl.xs2.1e168205-0d66-11ed-bb00-eeee0a8a59e3.InnovatorChallenge-db-deployer.stageAppTask#
######org.cloudfoundry.multiapps.controller.persistence.services.ProcessLogger########flowable-async-job-executor-thread-8218###
[PollStageAppStatusExecution] [InnovatorChallenge-db-deployer] 04b56df8-2305-49b4-a1f3-e069ea0a5d88 [Wed Jul 27 04:41:18 UTC 2022] Contrast Security no credentials found. Will not write environment files. (STDOUT, STG)#

#2.0#2022 07 27 04:41:32.491#Z#DEBUG#com.sap.cloud.lm.sl.xs2.1e168205-0d66-11ed-bb00-eeee0a8a59e3.InnovatorChallenge-db-deployer.stageAppTask#
######org.cloudfoundry.multiapps.controller.persistence.services.ProcessLogger########flowable-async-job-executor-thread-2910###
[PollStageAppStatusExecution] [InnovatorChallenge-db-deployer] 04b56df8-2305-49b4-a1f3-e069ea0a5d88 [Wed Jul 27 04:41:18 UTC 2022] service is not configured to run with Sealights (STDOUT, STG)#

#2.0#2022 07 27 04:41:32.491#Z#DEBUG#com.sap.cloud.lm.sl.xs2.1e168205-0d66-11ed-bb00-eeee0a8a59e3.InnovatorChallenge-db-deployer.stageAppTask#
######org.cloudfoundry.multiapps.controller.persistence.services.ProcessLogger########flowable-async-job-executor-thread-2910###
[PollStageAppStatusExecution] [InnovatorChallenge-db-deployer] 04b56df8-2305-49b4-a1f3-e069ea0a5d88 [Wed Jul 27 04:41:18 UTC 2022] inside Sealights hook (STDOUT, STG)#

#2.0#2022 07 27 04:41:32.491#Z#DEBUG#com.sap.cloud.lm.sl.xs2.1e168205-0d66-11ed-bb00-eeee0a8a59e3.InnovatorChallenge-db-deployer.stageAppTask#
######org.cloudfoundry.multiapps.controller.persistence.services.ProcessLogger########flowable-async-job-executor-thread-2910###
[PollStageAppStatusExecution] [InnovatorChallenge-db-deployer] 04b56df8-2305-49b4-a1f3-e069ea0a5d88 [Wed Jul 27 04:41:29 UTC 2022] Uploading build artifacts cache... (STDOUT, STG)#

#2.0#2022 07 27 04:41:32.491#Z#DEBUG#com.sap.cloud.lm.sl.xs2.1e168205-0d66-11ed-bb00-eeee0a8a59e3.InnovatorChallenge-db-deployer.stageAppTask#
######org.cloudfoundry.multiapps.controller.persistence.services.ProcessLogger########flowable-async-job-executor-thread-2910###
[PollStageAppStatusExecution] [InnovatorChallenge-db-deployer] 04b56df8-2305-49b4-a1f3-e069ea0a5d88 [Wed Jul 27 04:41:29 UTC 2022] Uploading droplet... (STDOUT, STG)#

#2.0#2022 07 27 04:41:32.491#Z#DEBUG#com.sap.cloud.lm.sl.xs2.1e168205-0d66-11ed-bb00-eeee0a8a59e3.InnovatorChallenge-db-deployer.stageAppTask#
######org.cloudfoundry.multiapps.controller.persistence.services.ProcessLogger########flowable-async-job-executor-thread-2910###
[PollStageAppStatusExecution] [InnovatorChallenge-db-deployer] 04b56df8-2305-49b4-a1f3-e069ea0a5d88 [Wed Jul 27 04:41:29 UTC 2022] Uploading droplet, build artifacts cache... (STDOUT, STG)#

#2.0#2022 07 27 04:41:32.491#Z#DEBUG#com.sap.cloud.lm.sl.xs2.1e168205-0d66-11ed-bb00-eeee0a8a59e3.InnovatorChallenge-db-deployer.stageAppTask#
######org.cloudfoundry.multiapps.controller.persistence.services.ProcessLogger########flowable-async-job-executor-thread-2910###
[PollStageAppStatusExecution] [InnovatorChallenge-db-deployer] 04b56df8-2305-49b4-a1f3-e069ea0a5d88 [Wed Jul 27 04:41:29 UTC 2022] Exit status 0 (STDOUT, STG)#

#2.0#2022 07 27 04:41:32.491#Z#DEBUG#com.sap.cloud.lm.sl.xs2.1e168205-0d66-11ed-bb00-eeee0a8a59e3.InnovatorChallenge-db-deployer.stageAppTask#
######org.cloudfoundry.multiapps.controller.persistence.services.ProcessLogger########flowable-async-job-executor-thread-2910###
[PollStageAppStatusExecution] [InnovatorChallenge-db-deployer] 04b56df8-2305-49b4-a1f3-e069ea0a5d88 [Wed Jul 27 04:41:29 UTC 2022] Uploaded build artifacts cache (225B) (STDOUT, STG)#

#2.0#2022 07 27 04:41:32.491#Z#DEBUG#com.sap.cloud.lm.sl.xs2.1e168205-0d66-11ed-bb00-eeee0a8a59e3.InnovatorChallenge-db-deployer.stageAppTask#
######org.cloudfoundry.multiapps.controller.persistence.services.ProcessLogger########flowable-async-job-executor-thread-2910###
[PollStageAppStatusExecution] [InnovatorChallenge-db-deployer] 04b56df8-2305-49b4-a1f3-e069ea0a5d88 [Wed Jul 27 04:41:30 UTC 2022] Creating droplet for app with guid 04b56df8-2305-49b4-a1f3-e069ea0a5d88 (STDOUT, API)#

#2.0#2022 07 27 04:41:42.293#Z#DEBUG#com.sap.cloud.lm.sl.xs2.1e168205-0d66-11ed-bb00-eeee0a8a59e3.InnovatorChallenge-db-deployer.stageAppTask#
######org.cloudfoundry.multiapps.controller.persistence.services.ProcessLogger########flowable-async-job-executor-thread-8220###
[PollStageAppStatusExecution] [InnovatorChallenge-db-deployer] 04b56df8-2305-49b4-a1f3-e069ea0a5d88 [Wed Jul 27 04:41:32 UTC 2022] Uploaded droplet (75.6M) (STDOUT, STG)#

#2.0#2022 07 27 04:41:42.293#Z#DEBUG#com.sap.cloud.lm.sl.xs2.1e168205-0d66-11ed-bb00-eeee0a8a59e3.InnovatorChallenge-db-deployer.stageAppTask#
######org.cloudfoundry.multiapps.controller.persistence.services.ProcessLogger########flowable-async-job-executor-thread-8220###
[PollStageAppStatusExecution] [InnovatorChallenge-db-deployer] 04b56df8-2305-49b4-a1f3-e069ea0a5d88 [Wed Jul 27 04:41:32 UTC 2022] Uploading complete (STDOUT, STG)#

#2.0#2022 07 27 04:41:42.293#Z#DEBUG#com.sap.cloud.lm.sl.xs2.1e168205-0d66-11ed-bb00-eeee0a8a59e3.InnovatorChallenge-db-deployer.stageAppTask#
######org.cloudfoundry.multiapps.controller.persistence.services.ProcessLogger########flowable-async-job-executor-thread-8220###
[PollStageAppStatusExecution] [InnovatorChallenge-db-deployer] 04b56df8-2305-49b4-a1f3-e069ea0a5d88 [Wed Jul 27 04:41:33 UTC 2022] Cell c3730d2e-b10e-4360-a969-34d6e945d815 destroying container for instance 28c4af0d-0a50-4635-b006-dac5d0dfa632 (STDOUT, STG)#

#2.0#2022 07 27 04:41:42.293#Z#DEBUG#com.sap.cloud.lm.sl.xs2.1e168205-0d66-11ed-bb00-eeee0a8a59e3.InnovatorChallenge-db-deployer.stageAppTask#
######org.cloudfoundry.multiapps.controller.persistence.services.ProcessLogger########flowable-async-job-executor-thread-8220###
[PollStageAppStatusExecution] [InnovatorChallenge-db-deployer] 04b56df8-2305-49b4-a1f3-e069ea0a5d88 [Wed Jul 27 04:41:33 UTC 2022] Cell c3730d2e-b10e-4360-a969-34d6e945d815 stopping instance 28c4af0d-0a50-4635-b006-dac5d0dfa632 (STDOUT, STG)#

#2.0#2022 07 27 04:41:42.293#Z#DEBUG#com.sap.cloud.lm.sl.xs2.1e168205-0d66-11ed-bb00-eeee0a8a59e3.InnovatorChallenge-db-deployer.stageAppTask#
######org.cloudfoundry.multiapps.controller.persistence.services.ProcessLogger########flowable-async-job-executor-thread-8220###
[PollStageAppStatusExecution] [InnovatorChallenge-db-deployer] 04b56df8-2305-49b4-a1f3-e069ea0a5d88 [Wed Jul 27 04:41:33 UTC 2022] Cell c3730d2e-b10e-4360-a969-34d6e945d815 successfully destroyed container for instance 28c4af0d-0a50-4635-b006-dac5d0dfa632 (STDOUT, STG)#

#2.0#2022 07 27 04:41:52.311#Z#DEBUG#com.sap.cloud.lm.sl.xs2.1e168205-0d66-11ed-bb00-eeee0a8a59e3.InnovatorChallenge-db-deployer.executeTaskTask#
######org.cloudfoundry.multiapps.controller.persistence.services.ProcessLogger########flowable-async-job-executor-thread-8225###
[PollExecuteTaskStatusExecution] [InnovatorChallenge-db-deployer] 04b56df8-2305-49b4-a1f3-e069ea0a5d88 [Wed Jul 27 04:41:42 UTC 2022] Updated app with guid 04b56df8-2305-49b4-a1f3-e069ea0a5d88 ({:droplet_guid=>"017ee39b-81ad-4e9b-b159-bf24ff3cbaad"}) (STDOUT, API)#

#2.0#2022 07 27 04:41:52.311#Z#DEBUG#com.sap.cloud.lm.sl.xs2.1e168205-0d66-11ed-bb00-eeee0a8a59e3.InnovatorChallenge-db-deployer.executeTaskTask#
######org.cloudfoundry.multiapps.controller.persistence.services.ProcessLogger########flowable-async-job-executor-thread-8225###
[PollExecuteTaskStatusExecution] [InnovatorChallenge-db-deployer] 04b56df8-2305-49b4-a1f3-e069ea0a5d88 [Wed Jul 27 04:41:42 UTC 2022] Cell c3730d2e-b10e-4360-a969-34d6e945d815 creating container for instance 35083f3a-631e-478f-a3ae-776cd20c0154 (STDOUT, CELL)#

#2.0#2022 07 27 04:41:52.311#Z#DEBUG#com.sap.cloud.lm.sl.xs2.1e168205-0d66-11ed-bb00-eeee0a8a59e3.InnovatorChallenge-db-deployer.executeTaskTask#
######org.cloudfoundry.multiapps.controller.persistence.services.ProcessLogger########flowable-async-job-executor-thread-8225###
[PollExecuteTaskStatusExecution] [InnovatorChallenge-db-deployer] 04b56df8-2305-49b4-a1f3-e069ea0a5d88 [Wed Jul 27 04:41:43 UTC 2022] Cell c3730d2e-b10e-4360-a969-34d6e945d815 successfully created container for instance 35083f3a-631e-478f-a3ae-776cd20c0154 (STDOUT, CELL)#

#2.0#2022 07 27 04:41:52.311#Z#DEBUG#com.sap.cloud.lm.sl.xs2.1e168205-0d66-11ed-bb00-eeee0a8a59e3.InnovatorChallenge-db-deployer.executeTaskTask#
######org.cloudfoundry.multiapps.controller.persistence.services.ProcessLogger########flowable-async-job-executor-thread-8225###
[PollExecuteTaskStatusExecution] [InnovatorChallenge-db-deployer] 04b56df8-2305-49b4-a1f3-e069ea0a5d88 [Wed Jul 27 04:41:49 UTC 2022] > node node_modules/@sap/hdi-deploy/deploy.js  --auto-undeploy (STDOUT, APP/TASK/deploy)#

#2.0#2022 07 27 04:41:52.311#Z#DEBUG#com.sap.cloud.lm.sl.xs2.1e168205-0d66-11ed-bb00-eeee0a8a59e3.InnovatorChallenge-db-deployer.executeTaskTask#
######org.cloudfoundry.multiapps.controller.persistence.services.ProcessLogger########flowable-async-job-executor-thread-8225###
[PollExecuteTaskStatusExecution] [InnovatorChallenge-db-deployer] 04b56df8-2305-49b4-a1f3-e069ea0a5d88 [Wed Jul 27 04:41:49 UTC 2022] > start (STDOUT, APP/TASK/deploy)#

#2.0#2022 07 27 04:41:52.311#Z#DEBUG#com.sap.cloud.lm.sl.xs2.1e168205-0d66-11ed-bb00-eeee0a8a59e3.InnovatorChallenge-db-deployer.executeTaskTask#
######org.cloudfoundry.multiapps.controller.persistence.services.ProcessLogger########flowable-async-job-executor-thread-8225###
[PollExecuteTaskStatusExecution] [InnovatorChallenge-db-deployer] 04b56df8-2305-49b4-a1f3-e069ea0a5d88 [Wed Jul 27 04:41:50 UTC 2022] @sap/hdi-deploy, version 4.3.3 (mode default), server version 4.00.000.00.1647951081 (4.0.0.0), node version 16.15.0, HDI version 1007, container API version 1004 (STDOUT, APP/TASK/deploy)#

#2.0#2022 07 27 04:41:52.311#Z#DEBUG#com.sap.cloud.lm.sl.xs2.1e168205-0d66-11ed-bb00-eeee0a8a59e3.InnovatorChallenge-db-deployer.executeTaskTask#
######org.cloudfoundry.multiapps.controller.persistence.services.ProcessLogger########flowable-async-job-executor-thread-8225###
[PollExecuteTaskStatusExecution] [InnovatorChallenge-db-deployer] 04b56df8-2305-49b4-a1f3-e069ea0a5d88 [Wed Jul 27 04:41:50 UTC 2022] Deployment started at 2022-07-27 04:41:50 (STDOUT, APP/TASK/deploy)#

#2.0#2022 07 27 04:41:52.311#Z#DEBUG#com.sap.cloud.lm.sl.xs2.1e168205-0d66-11ed-bb00-eeee0a8a59e3.InnovatorChallenge-db-deployer.executeTaskTask#
######org.cloudfoundry.multiapps.controller.persistence.services.ProcessLogger########flowable-async-job-executor-thread-8225###
[PollExecuteTaskStatusExecution] [InnovatorChallenge-db-deployer] 04b56df8-2305-49b4-a1f3-e069ea0a5d88 [Wed Jul 27 04:41:50 UTC 2022] No ignore file at /home/vcap/app/.hdiignore. (STDOUT, APP/TASK/deploy)#

#2.0#2022 07 27 04:41:52.311#Z#DEBUG#com.sap.cloud.lm.sl.xs2.1e168205-0d66-11ed-bb00-eeee0a8a59e3.InnovatorChallenge-db-deployer.executeTaskTask#
######org.cloudfoundry.multiapps.controller.persistence.services.ProcessLogger########flowable-async-job-executor-thread-8225###
[PollExecuteTaskStatusExecution] [InnovatorChallenge-db-deployer] 04b56df8-2305-49b4-a1f3-e069ea0a5d88 [Wed Jul 27 04:41:50 UTC 2022] Collecting files... (STDOUT, APP/TASK/deploy)#

#2.0#2022 07 27 04:41:52.311#Z#DEBUG#com.sap.cloud.lm.sl.xs2.1e168205-0d66-11ed-bb00-eeee0a8a59e3.InnovatorChallenge-db-deployer.executeTaskTask#
######org.cloudfoundry.multiapps.controller.persistence.services.ProcessLogger########flowable-async-job-executor-thread-8225###
[PollExecuteTaskStatusExecution] [InnovatorChallenge-db-deployer] 04b56df8-2305-49b4-a1f3-e069ea0a5d88 [Wed Jul 27 04:41:51 UTC 2022] Target service: InnovatorChallenge-db (STDOUT, APP/TASK/deploy)#

#2.0#2022 07 27 04:41:52.311#Z#DEBUG#com.sap.cloud.lm.sl.xs2.1e168205-0d66-11ed-bb00-eeee0a8a59e3.InnovatorChallenge-db-deployer.executeTaskTask#
######org.cloudfoundry.multiapps.controller.persistence.services.ProcessLogger########flowable-async-job-executor-thread-8225###
[PollExecuteTaskStatusExecution] [InnovatorChallenge-db-deployer] 04b56df8-2305-49b4-a1f3-e069ea0a5d88 [Wed Jul 27 04:41:51 UTC 2022] 0 reusable modules collected (STDOUT, APP/TASK/deploy)#

#2.0#2022 07 27 04:41:52.311#Z#DEBUG#com.sap.cloud.lm.sl.xs2.1e168205-0d66-11ed-bb00-eeee0a8a59e3.InnovatorChallenge-db-deployer.executeTaskTask#
######org.cloudfoundry.multiapps.controller.persistence.services.ProcessLogger########flowable-async-job-executor-thread-8225###
[PollExecuteTaskStatusExecution] [InnovatorChallenge-db-deployer] 04b56df8-2305-49b4-a1f3-e069ea0a5d88 [Wed Jul 27 04:41:51 UTC 2022] 12 files collected (STDOUT, APP/TASK/deploy)#

#2.0#2022 07 27 04:41:52.311#Z#DEBUG#com.sap.cloud.lm.sl.xs2.1e168205-0d66-11ed-bb00-eeee0a8a59e3.InnovatorChallenge-db-deployer.executeTaskTask#
######org.cloudfoundry.multiapps.controller.persistence.services.ProcessLogger########flowable-async-job-executor-thread-8225###
[PollExecuteTaskStatusExecution] [InnovatorChallenge-db-deployer] 04b56df8-2305-49b4-a1f3-e069ea0a5d88 [Wed Jul 27 04:41:51 UTC 2022] 2 directories collected (STDOUT, APP/TASK/deploy)#

#2.0#2022 07 27 04:41:52.311#Z#DEBUG#com.sap.cloud.lm.sl.xs2.1e168205-0d66-11ed-bb00-eeee0a8a59e3.InnovatorChallenge-db-deployer.executeTaskTask#
######org.cloudfoundry.multiapps.controller.persistence.services.ProcessLogger########flowable-async-job-executor-thread-8225###
[PollExecuteTaskStatusExecution] [InnovatorChallenge-db-deployer] 04b56df8-2305-49b4-a1f3-e069ea0a5d88 [Wed Jul 27 04:41:51 UTC 2022] Collecting files... ok (0s 85ms) (STDOUT, APP/TASK/deploy)#

#2.0#2022 07 27 04:41:52.311#Z#DEBUG#com.sap.cloud.lm.sl.xs2.1e168205-0d66-11ed-bb00-eeee0a8a59e3.InnovatorChallenge-db-deployer.executeTaskTask#
######org.cloudfoundry.multiapps.controller.persistence.services.ProcessLogger########flowable-async-job-executor-thread-8225###
[PollExecuteTaskStatusExecution] [InnovatorChallenge-db-deployer] 04b56df8-2305-49b4-a1f3-e069ea0a5d88 [Wed Jul 27 04:41:51 UTC 2022] Session variable APPLICATION is set to "SAP_HDI/Team 1311/cf-ic2022". (STDOUT, APP/TASK/deploy)#

#2.0#2022 07 27 04:41:52.312#Z#DEBUG#com.sap.cloud.lm.sl.xs2.1e168205-0d66-11ed-bb00-eeee0a8a59e3.InnovatorChallenge-db-deployer.executeTaskTask#
######org.cloudfoundry.multiapps.controller.persistence.services.ProcessLogger########flowable-async-job-executor-thread-8225###
[PollExecuteTaskStatusExecution] [InnovatorChallenge-db-deployer] 04b56df8-2305-49b4-a1f3-e069ea0a5d88 [Wed Jul 27 04:41:51 UTC 2022] Processing grants files... ok (0s 0ms) (STDOUT, APP/TASK/deploy)#

#2.0#2022 07 27 04:41:52.312#Z#DEBUG#com.sap.cloud.lm.sl.xs2.1e168205-0d66-11ed-bb00-eeee0a8a59e3.InnovatorChallenge-db-deployer.executeTaskTask#
######org.cloudfoundry.multiapps.controller.persistence.services.ProcessLogger########flowable-async-job-executor-thread-8225###
[PollExecuteTaskStatusExecution] [InnovatorChallenge-db-deployer] 04b56df8-2305-49b4-a1f3-e069ea0a5d88 [Wed Jul 27 04:41:51 UTC 2022] Processing grants files... (STDOUT, APP/TASK/deploy)#

#2.0#2022 07 27 04:41:52.312#Z#DEBUG#com.sap.cloud.lm.sl.xs2.1e168205-0d66-11ed-bb00-eeee0a8a59e3.InnovatorChallenge-db-deployer.executeTaskTask#
######org.cloudfoundry.multiapps.controller.persistence.services.ProcessLogger########flowable-async-job-executor-thread-8225###
[PollExecuteTaskStatusExecution] [InnovatorChallenge-db-deployer] 04b56df8-2305-49b4-a1f3-e069ea0a5d88 [Wed Jul 27 04:41:51 UTC 2022] Processing revoke files... ok (0s 0ms) (STDOUT, APP/TASK/deploy)#

#2.0#2022 07 27 04:41:52.312#Z#DEBUG#com.sap.cloud.lm.sl.xs2.1e168205-0d66-11ed-bb00-eeee0a8a59e3.InnovatorChallenge-db-deployer.executeTaskTask#
######org.cloudfoundry.multiapps.controller.persistence.services.ProcessLogger########flowable-async-job-executor-thread-8225###
[PollExecuteTaskStatusExecution] [InnovatorChallenge-db-deployer] 04b56df8-2305-49b4-a1f3-e069ea0a5d88 [Wed Jul 27 04:41:51 UTC 2022] Processing revoke files... (STDOUT, APP/TASK/deploy)#

#2.0#2022 07 27 04:41:52.312#Z#DEBUG#com.sap.cloud.lm.sl.xs2.1e168205-0d66-11ed-bb00-eeee0a8a59e3.InnovatorChallenge-db-deployer.executeTaskTask#
######org.cloudfoundry.multiapps.controller.persistence.services.ProcessLogger########flowable-async-job-executor-thread-8225###
[PollExecuteTaskStatusExecution] [InnovatorChallenge-db-deployer] 04b56df8-2305-49b4-a1f3-e069ea0a5d88 [Wed Jul 27 04:41:51 UTC 2022] Previous build with request ID 43892 finished at 2022-07-22 11:37:07.224954000 with status Rolled back and message: Starting make in the container "3026E03439A5422589365394BCFA9240" with 0 files to deploy, 0 files to undeploy... ok. (STDOUT, APP/TASK/deploy)#

#2.0#2022 07 27 04:41:52.312#Z#DEBUG#com.sap.cloud.lm.sl.xs2.1e168205-0d66-11ed-bb00-eeee0a8a59e3.InnovatorChallenge-db-deployer.executeTaskTask#
######org.cloudfoundry.multiapps.controller.persistence.services.ProcessLogger########flowable-async-job-executor-thread-8225###
[PollExecuteTaskStatusExecution] [InnovatorChallenge-db-deployer] 04b56df8-2305-49b4-a1f3-e069ea0a5d88 [Wed Jul 27 04:41:51 UTC 2022] Connecting to the container "3026E03439A5422589365394BCFA9240"... (STDOUT, APP/TASK/deploy)#

#2.0#2022 07 27 04:41:52.312#Z#DEBUG#com.sap.cloud.lm.sl.xs2.1e168205-0d66-11ed-bb00-eeee0a8a59e3.InnovatorChallenge-db-deployer.executeTaskTask#
######org.cloudfoundry.multiapps.controller.persistence.services.ProcessLogger########flowable-async-job-executor-thread-8225###
[PollExecuteTaskStatusExecution] [InnovatorChallenge-db-deployer] 04b56df8-2305-49b4-a1f3-e069ea0a5d88 [Wed Jul 27 04:41:51 UTC 2022] Preprocessing files... ok (0s 0ms) (STDOUT, APP/TASK/deploy)#

#2.0#2022 07 27 04:41:52.312#Z#DEBUG#com.sap.cloud.lm.sl.xs2.1e168205-0d66-11ed-bb00-eeee0a8a59e3.InnovatorChallenge-db-deployer.executeTaskTask#
######org.cloudfoundry.multiapps.controller.persistence.services.ProcessLogger########flowable-async-job-executor-thread-8225###
[PollExecuteTaskStatusExecution] [InnovatorChallenge-db-deployer] 04b56df8-2305-49b4-a1f3-e069ea0a5d88 [Wed Jul 27 04:41:51 UTC 2022] Preprocessing files... (STDOUT, APP/TASK/deploy)#

#2.0#2022 07 27 04:41:52.312#Z#DEBUG#com.sap.cloud.lm.sl.xs2.1e168205-0d66-11ed-bb00-eeee0a8a59e3.InnovatorChallenge-db-deployer.executeTaskTask#
######org.cloudfoundry.multiapps.controller.persistence.services.ProcessLogger########flowable-async-job-executor-thread-8225###
[PollExecuteTaskStatusExecution] [InnovatorChallenge-db-deployer] 04b56df8-2305-49b4-a1f3-e069ea0a5d88 [Wed Jul 27 04:41:51 UTC 2022] Locking the container "3026E03439A5422589365394BCFA9240"... (STDOUT, APP/TASK/deploy)#

#2.0#2022 07 27 04:41:52.312#Z#DEBUG#com.sap.cloud.lm.sl.xs2.1e168205-0d66-11ed-bb00-eeee0a8a59e3.InnovatorChallenge-db-deployer.executeTaskTask#
######org.cloudfoundry.multiapps.controller.persistence.services.ProcessLogger########flowable-async-job-executor-thread-8225###
[PollExecuteTaskStatusExecution] [InnovatorChallenge-db-deployer] 04b56df8-2305-49b4-a1f3-e069ea0a5d88 [Wed Jul 27 04:41:51 UTC 2022] Connecting to the container "3026E03439A5422589365394BCFA9240"... ok (0s 210ms) (STDOUT, APP/TASK/deploy)#

#2.0#2022 07 27 04:42:02.345#Z#DEBUG#com.sap.cloud.lm.sl.xs2.1e168205-0d66-11ed-bb00-eeee0a8a59e3.InnovatorChallenge-db-deployer.executeTaskTask#
######org.cloudfoundry.multiapps.controller.persistence.services.ProcessLogger########flowable-async-job-executor-thread-8227###
[PollExecuteTaskStatusExecution] [InnovatorChallenge-db-deployer] 04b56df8-2305-49b4-a1f3-e069ea0a5d88 [Wed Jul 27 04:41:51 UTC 2022] Locking the container "3026E03439A5422589365394BCFA9240"... (STDOUT, APP/TASK/deploy)#

#2.0#2022 07 27 04:42:02.345#Z#DEBUG#com.sap.cloud.lm.sl.xs2.1e168205-0d66-11ed-bb00-eeee0a8a59e3.InnovatorChallenge-db-deployer.executeTaskTask#
######org.cloudfoundry.multiapps.controller.persistence.services.ProcessLogger########flowable-async-job-executor-thread-8227###
[PollExecuteTaskStatusExecution] [InnovatorChallenge-db-deployer] 04b56df8-2305-49b4-a1f3-e069ea0a5d88 [Wed Jul 27 04:41:52 UTC 2022] Deleting files... (STDOUT, APP/TASK/deploy)#

#2.0#2022 07 27 04:42:02.345#Z#DEBUG#com.sap.cloud.lm.sl.xs2.1e168205-0d66-11ed-bb00-eeee0a8a59e3.InnovatorChallenge-db-deployer.executeTaskTask#
######org.cloudfoundry.multiapps.controller.persistence.services.ProcessLogger########flowable-async-job-executor-thread-8227###
[PollExecuteTaskStatusExecution] [InnovatorChallenge-db-deployer] 04b56df8-2305-49b4-a1f3-e069ea0a5d88 [Wed Jul 27 04:41:52 UTC 2022] Synchronizing files with the container "3026E03439A5422589365394BCFA9240"... (STDOUT, APP/TASK/deploy)#

#2.0#2022 07 27 04:42:02.345#Z#DEBUG#com.sap.cloud.lm.sl.xs2.1e168205-0d66-11ed-bb00-eeee0a8a59e3.InnovatorChallenge-db-deployer.executeTaskTask#
######org.cloudfoundry.multiapps.controller.persistence.services.ProcessLogger########flowable-async-job-executor-thread-8227###
[PollExecuteTaskStatusExecution] [InnovatorChallenge-db-deployer] 04b56df8-2305-49b4-a1f3-e069ea0a5d88 [Wed Jul 27 04:41:52 UTC 2022] Locking the container "3026E03439A5422589365394BCFA9240"... ok (0s 427ms) (STDOUT, APP/TASK/deploy)#

#2.0#2022 07 27 04:42:02.345#Z#DEBUG#com.sap.cloud.lm.sl.xs2.1e168205-0d66-11ed-bb00-eeee0a8a59e3.InnovatorChallenge-db-deployer.executeTaskTask#
######org.cloudfoundry.multiapps.controller.persistence.services.ProcessLogger########flowable-async-job-executor-thread-8227###
[PollExecuteTaskStatusExecution] [InnovatorChallenge-db-deployer] 04b56df8-2305-49b4-a1f3-e069ea0a5d88 [Wed Jul 27 04:41:52 UTC 2022] Writing files... (STDOUT, APP/TASK/deploy)#

#2.0#2022 07 27 04:42:02.345#Z#DEBUG#com.sap.cloud.lm.sl.xs2.1e168205-0d66-11ed-bb00-eeee0a8a59e3.InnovatorChallenge-db-deployer.executeTaskTask#
######org.cloudfoundry.multiapps.controller.persistence.services.ProcessLogger########flowable-async-job-executor-thread-8227###
[PollExecuteTaskStatusExecution] [InnovatorChallenge-db-deployer] 04b56df8-2305-49b4-a1f3-e069ea0a5d88 [Wed Jul 27 04:41:52 UTC 2022] Deleting files... ok (STDOUT, APP/TASK/deploy)#

#2.0#2022 07 27 04:42:02.345#Z#DEBUG#com.sap.cloud.lm.sl.xs2.1e168205-0d66-11ed-bb00-eeee0a8a59e3.InnovatorChallenge-db-deployer.executeTaskTask#
######org.cloudfoundry.multiapps.controller.persistence.services.ProcessLogger########flowable-async-job-executor-thread-8227###
[PollExecuteTaskStatusExecution] [InnovatorChallenge-db-deployer] 04b56df8-2305-49b4-a1f3-e069ea0a5d88 [Wed Jul 27 04:41:52 UTC 2022] Synchronizing files with the container "3026E03439A5422589365394BCFA9240"... ok (0s 626ms) (STDOUT, APP/TASK/deploy)#

#2.0#2022 07 27 04:42:02.345#Z#DEBUG#com.sap.cloud.lm.sl.xs2.1e168205-0d66-11ed-bb00-eeee0a8a59e3.InnovatorChallenge-db-deployer.executeTaskTask#
######org.cloudfoundry.multiapps.controller.persistence.services.ProcessLogger########flowable-async-job-executor-thread-8227###
[PollExecuteTaskStatusExecution] [InnovatorChallenge-db-deployer] 04b56df8-2305-49b4-a1f3-e069ea0a5d88 [Wed Jul 27 04:41:52 UTC 2022] Writing files... ok (STDOUT, APP/TASK/deploy)#

#2.0#2022 07 27 04:42:02.345#Z#DEBUG#com.sap.cloud.lm.sl.xs2.1e168205-0d66-11ed-bb00-eeee0a8a59e3.InnovatorChallenge-db-deployer.executeTaskTask#
######org.cloudfoundry.multiapps.controller.persistence.services.ProcessLogger########flowable-async-job-executor-thread-8227###
[PollExecuteTaskStatusExecution] [InnovatorChallenge-db-deployer] 04b56df8-2305-49b4-a1f3-e069ea0a5d88 [Wed Jul 27 04:41:53 UTC 2022] Deploying to the container "3026E03439A5422589365394BCFA9240"... (STDOUT, APP/TASK/deploy)#

#2.0#2022 07 27 04:42:02.345#Z#DEBUG#com.sap.cloud.lm.sl.xs2.1e168205-0d66-11ed-bb00-eeee0a8a59e3.InnovatorChallenge-db-deployer.executeTaskTask#
######org.cloudfoundry.multiapps.controller.persistence.services.ProcessLogger########flowable-async-job-executor-thread-8227###
[PollExecuteTaskStatusExecution] [InnovatorChallenge-db-deployer] 04b56df8-2305-49b4-a1f3-e069ea0a5d88 [Wed Jul 27 04:41:53 UTC 2022] 0 files are scheduled for undeploy based on explicit specification (STDOUT, APP/TASK/deploy)#

#2.0#2022 07 27 04:42:02.345#Z#DEBUG#com.sap.cloud.lm.sl.xs2.1e168205-0d66-11ed-bb00-eeee0a8a59e3.InnovatorChallenge-db-deployer.executeTaskTask#
######org.cloudfoundry.multiapps.controller.persistence.services.ProcessLogger########flowable-async-job-executor-thread-8227###
[PollExecuteTaskStatusExecution] [InnovatorChallenge-db-deployer] 04b56df8-2305-49b4-a1f3-e069ea0a5d88 [Wed Jul 27 04:41:53 UTC 2022] 0 files are scheduled for deploy based on explicit specification (STDOUT, APP/TASK/deploy)#

#2.0#2022 07 27 04:42:02.345#Z#DEBUG#com.sap.cloud.lm.sl.xs2.1e168205-0d66-11ed-bb00-eeee0a8a59e3.InnovatorChallenge-db-deployer.executeTaskTask#
######org.cloudfoundry.multiapps.controller.persistence.services.ProcessLogger########flowable-async-job-executor-thread-8227###
[PollExecuteTaskStatusExecution] [InnovatorChallenge-db-deployer] 04b56df8-2305-49b4-a1f3-e069ea0a5d88 [Wed Jul 27 04:41:53 UTC 2022] 0 deleted files are scheduled for undeploy based on delta detection (filtered by undeploy allowlist) (STDOUT, APP/TASK/deploy)#

#2.0#2022 07 27 04:42:02.345#Z#DEBUG#com.sap.cloud.lm.sl.xs2.1e168205-0d66-11ed-bb00-eeee0a8a59e3.InnovatorChallenge-db-deployer.executeTaskTask#
######org.cloudfoundry.multiapps.controller.persistence.services.ProcessLogger########flowable-async-job-executor-thread-8227###
[PollExecuteTaskStatusExecution] [InnovatorChallenge-db-deployer] 04b56df8-2305-49b4-a1f3-e069ea0a5d88 [Wed Jul 27 04:41:53 UTC 2022] 0 modified or added files are scheduled for deploy based on delta detection (STDOUT, APP/TASK/deploy)#

#2.0#2022 07 27 04:42:02.345#Z#DEBUG#com.sap.cloud.lm.sl.xs2.1e168205-0d66-11ed-bb00-eeee0a8a59e3.InnovatorChallenge-db-deployer.executeTaskTask#
######org.cloudfoundry.multiapps.controller.persistence.services.ProcessLogger########flowable-async-job-executor-thread-8227###
[PollExecuteTaskStatusExecution] [InnovatorChallenge-db-deployer] 04b56df8-2305-49b4-a1f3-e069ea0a5d88 [Wed Jul 27 04:41:53 UTC 2022] deleted files: [] (STDOUT, APP/TASK/deploy)#

#2.0#2022 07 27 04:42:02.346#Z#DEBUG#com.sap.cloud.lm.sl.xs2.1e168205-0d66-11ed-bb00-eeee0a8a59e3.InnovatorChallenge-db-deployer.executeTaskTask#
######org.cloudfoundry.multiapps.controller.persistence.services.ProcessLogger########flowable-async-job-executor-thread-8227###
[PollExecuteTaskStatusExecution] [InnovatorChallenge-db-deployer] 04b56df8-2305-49b4-a1f3-e069ea0a5d88 [Wed Jul 27 04:41:53 UTC 2022] modified files: [] (STDOUT, APP/TASK/deploy)#

#2.0#2022 07 27 04:42:02.346#Z#DEBUG#com.sap.cloud.lm.sl.xs2.1e168205-0d66-11ed-bb00-eeee0a8a59e3.InnovatorChallenge-db-deployer.executeTaskTask#
######org.cloudfoundry.multiapps.controller.persistence.services.ProcessLogger########flowable-async-job-executor-thread-8227###
[PollExecuteTaskStatusExecution] [InnovatorChallenge-db-deployer] 04b56df8-2305-49b4-a1f3-e069ea0a5d88 [Wed Jul 27 04:41:53 UTC 2022] added files: [] (STDOUT, APP/TASK/deploy)#

#2.0#2022 07 27 04:42:02.346#Z#DEBUG#com.sap.cloud.lm.sl.xs2.1e168205-0d66-11ed-bb00-eeee0a8a59e3.InnovatorChallenge-db-deployer.executeTaskTask#
######org.cloudfoundry.multiapps.controller.persistence.services.ProcessLogger########flowable-async-job-executor-thread-8227###
[PollExecuteTaskStatusExecution] [InnovatorChallenge-db-deployer] 04b56df8-2305-49b4-a1f3-e069ea0a5d88 [Wed Jul 27 04:41:53 UTC 2022] Polling messages for request id: 44388 (STDOUT, APP/TASK/deploy)#

#2.0#2022 07 27 04:42:02.346#Z#DEBUG#com.sap.cloud.lm.sl.xs2.1e168205-0d66-11ed-bb00-eeee0a8a59e3.InnovatorChallenge-db-deployer.executeTaskTask#
######org.cloudfoundry.multiapps.controller.persistence.services.ProcessLogger########flowable-async-job-executor-thread-8227###
[PollExecuteTaskStatusExecution] [InnovatorChallenge-db-deployer] 04b56df8-2305-49b4-a1f3-e069ea0a5d88 [Wed Jul 27 04:41:53 UTC 2022] Making... (STDOUT, APP/TASK/deploy)#

#2.0#2022 07 27 04:42:02.346#Z#DEBUG#com.sap.cloud.lm.sl.xs2.1e168205-0d66-11ed-bb00-eeee0a8a59e3.InnovatorChallenge-db-deployer.executeTaskTask#
######org.cloudfoundry.multiapps.controller.persistence.services.ProcessLogger########flowable-async-job-executor-thread-8227###
[PollExecuteTaskStatusExecution] [InnovatorChallenge-db-deployer] 04b56df8-2305-49b4-a1f3-e069ea0a5d88 [Wed Jul 27 04:41:53 UTC 2022] Migrating libraries... ok  (0s 31ms) (STDOUT, APP/TASK/deploy)#

#2.0#2022 07 27 04:42:02.346#Z#DEBUG#com.sap.cloud.lm.sl.xs2.1e168205-0d66-11ed-bb00-eeee0a8a59e3.InnovatorChallenge-db-deployer.executeTaskTask#
######org.cloudfoundry.multiapps.controller.persistence.services.ProcessLogger########flowable-async-job-executor-thread-8227###
[PollExecuteTaskStatusExecution] [InnovatorChallenge-db-deployer] 04b56df8-2305-49b4-a1f3-e069ea0a5d88 [Wed Jul 27 04:41:53 UTC 2022] Migrating libraries... (STDOUT, APP/TASK/deploy)#

#2.0#2022 07 27 04:42:02.346#Z#DEBUG#com.sap.cloud.lm.sl.xs2.1e168205-0d66-11ed-bb00-eeee0a8a59e3.InnovatorChallenge-db-deployer.executeTaskTask#
######org.cloudfoundry.multiapps.controller.persistence.services.ProcessLogger########flowable-async-job-executor-thread-8227###
[PollExecuteTaskStatusExecution] [InnovatorChallenge-db-deployer] 04b56df8-2305-49b4-a1f3-e069ea0a5d88 [Wed Jul 27 04:41:53 UTC 2022] Disabling table replication for the container schema "3026E03439A5422589365394BCFA9240"... ok  (0s 10ms) (STDOUT, APP/TASK/deploy)#

#2.0#2022 07 27 04:42:02.346#Z#DEBUG#com.sap.cloud.lm.sl.xs2.1e168205-0d66-11ed-bb00-eeee0a8a59e3.InnovatorChallenge-db-deployer.executeTaskTask#
######org.cloudfoundry.multiapps.controller.persistence.services.ProcessLogger########flowable-async-job-executor-thread-8227###
[PollExecuteTaskStatusExecution] [InnovatorChallenge-db-deployer] 04b56df8-2305-49b4-a1f3-e069ea0a5d88 [Wed Jul 27 04:41:53 UTC 2022] Disabling table replication for the container schema "3026E03439A5422589365394BCFA9240"... (STDOUT, APP/TASK/deploy)#

#2.0#2022 07 27 04:42:02.346#Z#DEBUG#com.sap.cloud.lm.sl.xs2.1e168205-0d66-11ed-bb00-eeee0a8a59e3.InnovatorChallenge-db-deployer.executeTaskTask#
######org.cloudfoundry.multiapps.controller.persistence.services.ProcessLogger########flowable-async-job-executor-thread-8227###
[PollExecuteTaskStatusExecution] [InnovatorChallenge-db-deployer] 04b56df8-2305-49b4-a1f3-e069ea0a5d88 [Wed Jul 27 04:41:53 UTC 2022] Starting make in the container "3026E03439A5422589365394BCFA9240" with 0 files to deploy, 0 files to undeploy... (STDOUT, APP/TASK/deploy)#

#2.0#2022 07 27 04:42:02.346#Z#DEBUG#com.sap.cloud.lm.sl.xs2.1e168205-0d66-11ed-bb00-eeee0a8a59e3.InnovatorChallenge-db-deployer.executeTaskTask#
######org.cloudfoundry.multiapps.controller.persistence.services.ProcessLogger########flowable-async-job-executor-thread-8227###
[PollExecuteTaskStatusExecution] [InnovatorChallenge-db-deployer] 04b56df8-2305-49b4-a1f3-e069ea0a5d88 [Wed Jul 27 04:41:53 UTC 2022] Deploying to the container "3026E03439A5422589365394BCFA9240"... ok (0s 318ms) (STDOUT, APP/TASK/deploy)#

#2.0#2022 07 27 04:42:02.346#Z#DEBUG#com.sap.cloud.lm.sl.xs2.1e168205-0d66-11ed-bb00-eeee0a8a59e3.InnovatorChallenge-db-deployer.executeTaskTask#
######org.cloudfoundry.multiapps.controller.persistence.services.ProcessLogger########flowable-async-job-executor-thread-8227###
[PollExecuteTaskStatusExecution] [InnovatorChallenge-db-deployer] 04b56df8-2305-49b4-a1f3-e069ea0a5d88 [Wed Jul 27 04:41:53 UTC 2022] Starting make in the container "3026E03439A5422589365394BCFA9240" with 0 files to deploy, 0 files to undeploy... ok  (0s 103ms) (STDOUT, APP/TASK/deploy)#

#2.0#2022 07 27 04:42:02.346#Z#DEBUG#com.sap.cloud.lm.sl.xs2.1e168205-0d66-11ed-bb00-eeee0a8a59e3.InnovatorChallenge-db-deployer.executeTaskTask#
######org.cloudfoundry.multiapps.controller.persistence.services.ProcessLogger########flowable-async-job-executor-thread-8227###
[PollExecuteTaskStatusExecution] [InnovatorChallenge-db-deployer] 04b56df8-2305-49b4-a1f3-e069ea0a5d88 [Wed Jul 27 04:41:53 UTC 2022] Enabling table replication for the container schema "3026E03439A5422589365394BCFA9240"... ok  (0s 18ms) (STDOUT, APP/TASK/deploy)#

#2.0#2022 07 27 04:42:02.346#Z#DEBUG#com.sap.cloud.lm.sl.xs2.1e168205-0d66-11ed-bb00-eeee0a8a59e3.InnovatorChallenge-db-deployer.executeTaskTask#
######org.cloudfoundry.multiapps.controller.persistence.services.ProcessLogger########flowable-async-job-executor-thread-8227###
[PollExecuteTaskStatusExecution] [InnovatorChallenge-db-deployer] 04b56df8-2305-49b4-a1f3-e069ea0a5d88 [Wed Jul 27 04:41:53 UTC 2022] Enabling table replication for the container schema "3026E03439A5422589365394BCFA9240"... (STDOUT, APP/TASK/deploy)#

#2.0#2022 07 27 04:42:02.346#Z#DEBUG#com.sap.cloud.lm.sl.xs2.1e168205-0d66-11ed-bb00-eeee0a8a59e3.InnovatorChallenge-db-deployer.executeTaskTask#
######org.cloudfoundry.multiapps.controller.persistence.services.ProcessLogger########flowable-async-job-executor-thread-8227###
[PollExecuteTaskStatusExecution] [InnovatorChallenge-db-deployer] 04b56df8-2305-49b4-a1f3-e069ea0a5d88 [Wed Jul 27 04:41:53 UTC 2022] Making... ok  (0s 38ms) (STDOUT, APP/TASK/deploy)#

#2.0#2022 07 27 04:42:02.346#Z#DEBUG#com.sap.cloud.lm.sl.xs2.1e168205-0d66-11ed-bb00-eeee0a8a59e3.InnovatorChallenge-db-deployer.executeTaskTask#
######org.cloudfoundry.multiapps.controller.persistence.services.ProcessLogger########flowable-async-job-executor-thread-8227###
[PollExecuteTaskStatusExecution] [InnovatorChallenge-db-deployer] 04b56df8-2305-49b4-a1f3-e069ea0a5d88 [Wed Jul 27 04:41:53 UTC 2022] No make necessary (STDOUT, APP/TASK/deploy)#

#2.0#2022 07 27 04:42:02.346#Z#DEBUG#com.sap.cloud.lm.sl.xs2.1e168205-0d66-11ed-bb00-eeee0a8a59e3.InnovatorChallenge-db-deployer.executeTaskTask#
######org.cloudfoundry.multiapps.controller.persistence.services.ProcessLogger########flowable-async-job-executor-thread-8227###
[PollExecuteTaskStatusExecution] [InnovatorChallenge-db-deployer] 04b56df8-2305-49b4-a1f3-e069ea0a5d88 [Wed Jul 27 04:41:53 UTC 2022] Preparing... ok  (0s 0ms) (STDOUT, APP/TASK/deploy)#

#2.0#2022 07 27 04:42:02.346#Z#DEBUG#com.sap.cloud.lm.sl.xs2.1e168205-0d66-11ed-bb00-eeee0a8a59e3.InnovatorChallenge-db-deployer.executeTaskTask#
######org.cloudfoundry.multiapps.controller.persistence.services.ProcessLogger########flowable-async-job-executor-thread-8227###
[PollExecuteTaskStatusExecution] [InnovatorChallenge-db-deployer] 04b56df8-2305-49b4-a1f3-e069ea0a5d88 [Wed Jul 27 04:41:53 UTC 2022] Preparing... (STDOUT, APP/TASK/deploy)#

#2.0#2022 07 27 04:42:02.346#Z#DEBUG#com.sap.cloud.lm.sl.xs2.1e168205-0d66-11ed-bb00-eeee0a8a59e3.InnovatorChallenge-db-deployer.executeTaskTask#
######org.cloudfoundry.multiapps.controller.persistence.services.ProcessLogger########flowable-async-job-executor-thread-8227###
[PollExecuteTaskStatusExecution] [InnovatorChallenge-db-deployer] 04b56df8-2305-49b4-a1f3-e069ea0a5d88 [Wed Jul 27 04:41:53 UTC 2022] Deployment to container 3026E03439A5422589365394BCFA9240 done [Deployment ID: none]. (STDOUT, APP/TASK/deploy)#

#2.0#2022 07 27 04:42:02.346#Z#DEBUG#com.sap.cloud.lm.sl.xs2.1e168205-0d66-11ed-bb00-eeee0a8a59e3.InnovatorChallenge-db-deployer.executeTaskTask#
######org.cloudfoundry.multiapps.controller.persistence.services.ProcessLogger########flowable-async-job-executor-thread-8227###
[PollExecuteTaskStatusExecution] [InnovatorChallenge-db-deployer] 04b56df8-2305-49b4-a1f3-e069ea0a5d88 [Wed Jul 27 04:41:53 UTC 2022] Unlocking the container "3026E03439A5422589365394BCFA9240"... ok (0s 0ms) (STDOUT, APP/TASK/deploy)#

#2.0#2022 07 27 04:42:02.346#Z#DEBUG#com.sap.cloud.lm.sl.xs2.1e168205-0d66-11ed-bb00-eeee0a8a59e3.InnovatorChallenge-db-deployer.executeTaskTask#
######org.cloudfoundry.multiapps.controller.persistence.services.ProcessLogger########flowable-async-job-executor-thread-8227###
[PollExecuteTaskStatusExecution] [InnovatorChallenge-db-deployer] 04b56df8-2305-49b4-a1f3-e069ea0a5d88 [Wed Jul 27 04:41:53 UTC 2022] Unlocking the container "3026E03439A5422589365394BCFA9240"... (STDOUT, APP/TASK/deploy)#

#2.0#2022 07 27 04:42:02.346#Z#DEBUG#com.sap.cloud.lm.sl.xs2.1e168205-0d66-11ed-bb00-eeee0a8a59e3.InnovatorChallenge-db-deployer.executeTaskTask#
######org.cloudfoundry.multiapps.controller.persistence.services.ProcessLogger########flowable-async-job-executor-thread-8227###
[PollExecuteTaskStatusExecution] [InnovatorChallenge-db-deployer] 04b56df8-2305-49b4-a1f3-e069ea0a5d88 [Wed Jul 27 04:41:53 UTC 2022] No default-access-role handling needed; global role "3026E03439A5422589365394BCFA9240::access_role" will not be adapted (STDOUT, APP/TASK/deploy)#

#2.0#2022 07 27 04:42:02.346#Z#DEBUG#com.sap.cloud.lm.sl.xs2.1e168205-0d66-11ed-bb00-eeee0a8a59e3.InnovatorChallenge-db-deployer.executeTaskTask#
######org.cloudfoundry.multiapps.controller.persistence.services.ProcessLogger########flowable-async-job-executor-thread-8227###
[PollExecuteTaskStatusExecution] [InnovatorChallenge-db-deployer] 04b56df8-2305-49b4-a1f3-e069ea0a5d88 [Wed Jul 27 04:41:53 UTC 2022] (3s 861ms) (STDOUT, APP/TASK/deploy)#

#2.0#2022 07 27 04:42:02.346#Z#DEBUG#com.sap.cloud.lm.sl.xs2.1e168205-0d66-11ed-bb00-eeee0a8a59e3.InnovatorChallenge-db-deployer.executeTaskTask#
######org.cloudfoundry.multiapps.controller.persistence.services.ProcessLogger########flowable-async-job-executor-thread-8227###
[PollExecuteTaskStatusExecution] [InnovatorChallenge-db-deployer] 04b56df8-2305-49b4-a1f3-e069ea0a5d88 [Wed Jul 27 04:41:53 UTC 2022] Deployment ended at 2022-07-27 04:41:53 (STDOUT, APP/TASK/deploy)#

#2.0#2022 07 27 04:42:02.346#Z#DEBUG#com.sap.cloud.lm.sl.xs2.1e168205-0d66-11ed-bb00-eeee0a8a59e3.InnovatorChallenge-db-deployer.executeTaskTask#
######org.cloudfoundry.multiapps.controller.persistence.services.ProcessLogger########flowable-async-job-executor-thread-8227###
[PollExecuteTaskStatusExecution] [InnovatorChallenge-db-deployer] 04b56df8-2305-49b4-a1f3-e069ea0a5d88 [Wed Jul 27 04:41:53 UTC 2022] npm notice (STDERR, APP/TASK/deploy)#

#2.0#2022 07 27 04:42:02.346#Z#DEBUG#com.sap.cloud.lm.sl.xs2.1e168205-0d66-11ed-bb00-eeee0a8a59e3.InnovatorChallenge-db-deployer.executeTaskTask#
######org.cloudfoundry.multiapps.controller.persistence.services.ProcessLogger########flowable-async-job-executor-thread-8227###
[PollExecuteTaskStatusExecution] [InnovatorChallenge-db-deployer] 04b56df8-2305-49b4-a1f3-e069ea0a5d88 [Wed Jul 27 04:41:53 UTC 2022] npm notice Run `npm install -g npm@8.15.0` to update! (STDERR, APP/TASK/deploy)#

#2.0#2022 07 27 04:42:02.346#Z#DEBUG#com.sap.cloud.lm.sl.xs2.1e168205-0d66-11ed-bb00-eeee0a8a59e3.InnovatorChallenge-db-deployer.executeTaskTask#
######org.cloudfoundry.multiapps.controller.persistence.services.ProcessLogger########flowable-async-job-executor-thread-8227###
[PollExecuteTaskStatusExecution] [InnovatorChallenge-db-deployer] 04b56df8-2305-49b4-a1f3-e069ea0a5d88 [Wed Jul 27 04:41:53 UTC 2022] npm notice Changelog: <https://github.com/npm/cli/releases/tag/v8.15.0> (STDERR, APP/TASK/deploy)#

#2.0#2022 07 27 04:42:02.346#Z#DEBUG#com.sap.cloud.lm.sl.xs2.1e168205-0d66-11ed-bb00-eeee0a8a59e3.InnovatorChallenge-db-deployer.executeTaskTask#
######org.cloudfoundry.multiapps.controller.persistence.services.ProcessLogger########flowable-async-job-executor-thread-8227###
[PollExecuteTaskStatusExecution] [InnovatorChallenge-db-deployer] 04b56df8-2305-49b4-a1f3-e069ea0a5d88 [Wed Jul 27 04:41:53 UTC 2022] npm notice New minor version of npm available! 8.5.5 -> 8.15.0 (STDERR, APP/TASK/deploy)#

#2.0#2022 07 27 04:42:02.346#Z#DEBUG#com.sap.cloud.lm.sl.xs2.1e168205-0d66-11ed-bb00-eeee0a8a59e3.InnovatorChallenge-db-deployer.executeTaskTask#
######org.cloudfoundry.multiapps.controller.persistence.services.ProcessLogger########flowable-async-job-executor-thread-8227###
[PollExecuteTaskStatusExecution] [InnovatorChallenge-db-deployer] 04b56df8-2305-49b4-a1f3-e069ea0a5d88 [Wed Jul 27 04:41:53 UTC 2022] npm notice (STDERR, APP/TASK/deploy)#

#2.0#2022 07 27 04:42:02.346#Z#DEBUG#com.sap.cloud.lm.sl.xs2.1e168205-0d66-11ed-bb00-eeee0a8a59e3.InnovatorChallenge-db-deployer.executeTaskTask#
######org.cloudfoundry.multiapps.controller.persistence.services.ProcessLogger########flowable-async-job-executor-thread-8227###
[PollExecuteTaskStatusExecution] [InnovatorChallenge-db-deployer] 04b56df8-2305-49b4-a1f3-e069ea0a5d88 [Wed Jul 27 04:41:53 UTC 2022] Exit status 0 (STDOUT, APP/TASK/deploy)#

#2.0#2022 07 27 04:42:02.346#Z#DEBUG#com.sap.cloud.lm.sl.xs2.1e168205-0d66-11ed-bb00-eeee0a8a59e3.InnovatorChallenge-db-deployer.executeTaskTask#
######org.cloudfoundry.multiapps.controller.persistence.services.ProcessLogger########flowable-async-job-executor-thread-8227###
[PollExecuteTaskStatusExecution] [InnovatorChallenge-db-deployer] 04b56df8-2305-49b4-a1f3-e069ea0a5d88 [Wed Jul 27 04:41:54 UTC 2022] Cell c3730d2e-b10e-4360-a969-34d6e945d815 destroying container for instance 35083f3a-631e-478f-a3ae-776cd20c0154 (STDOUT, CELL)#

#2.0#2022 07 27 04:42:02.346#Z#DEBUG#com.sap.cloud.lm.sl.xs2.1e168205-0d66-11ed-bb00-eeee0a8a59e3.InnovatorChallenge-db-deployer.executeTaskTask#
######org.cloudfoundry.multiapps.controller.persistence.services.ProcessLogger########flowable-async-job-executor-thread-8227###
[PollExecuteTaskStatusExecution] [InnovatorChallenge-db-deployer] 04b56df8-2305-49b4-a1f3-e069ea0a5d88 [Wed Jul 27 04:41:54 UTC 2022] Cell c3730d2e-b10e-4360-a969-34d6e945d815 stopping instance 35083f3a-631e-478f-a3ae-776cd20c0154 (STDOUT, CELL)#

